0 info it worked if it ends with ok
1 verbose cli [ 'C:\\Program Files\\nodejs\\node.exe',
1 verbose cli   'C:\\Program Files\\nodejs\\node_modules\\npm\\bin\\npm-cli.js',
1 verbose cli   'start' ]
2 info using npm@3.10.3
3 info using node@v6.7.0
4 verbose run-script [ 'prestart', 'start', 'poststart' ]
5 info lifecycle ez-table-mailer@0.0.1~prestart: ez-table-mailer@0.0.1
6 silly lifecycle ez-table-mailer@0.0.1~prestart: no script for prestart, continuing
7 info lifecycle ez-table-mailer@0.0.1~start: ez-table-mailer@0.0.1
8 verbose lifecycle ez-table-mailer@0.0.1~start: unsafe-perm in lifecycle true
9 verbose lifecycle ez-table-mailer@0.0.1~start: PATH: C:\Users\Alejandra\AppData\Roaming\nvm\v6.7.0\node_modules\npm\bin\node-gyp-bin;C:\Users\Alejandra\Documents\Omar\Ondecode\mailer\node_modules\.bin;C:\Program Files\nodejs;C:\Users\Alejandra\Desktop\cmder\bin;C:\Users\Alejandra\Desktop\cmder\vendor\conemu-maximus5\ConEmu\Scripts;C:\Users\Alejandra\Desktop\cmder\vendor\conemu-maximus5;C:\Users\Alejandra\Desktop\cmder\vendor\conemu-maximus5\ConEmu;C:\Program Files (x86)\Intel\TXE Components\TCS\;C:\Program Files\Intel\TXE Components\TCS\;C:\WINDOWS\system32;C:\WINDOWS;C:\WINDOWS\System32\Wbem;C:\WINDOWS\System32\WindowsPowerShell\v1.0\;C:\Program Files\Intel\TXE Components\DAL\;C:\Program Files (x86)\Intel\TXE Components\DAL\;C:\Program Files\Intel\TXE Components\IPT\;C:\Program Files (x86)\Intel\TXE Components\IPT\;C:\Program Files (x86)\Windows Kits\8.1\Windows Performance Toolkit\;C:\Program Files\Microsoft SQL Server\110\Tools\Binn\;C:\Program Files (x86)\Microsoft SDKs\TypeScript\1.0\;C:\Program Files (x86)\CMake\bin\;C:\Qt\Qt5.5.1\5.5\msvc2013\bin\;C:\OpenCV-3.1.0\mybuild\bin\Debug\;C:\Program Files\Git\cmd;C:\Program Files\Git\mingw64\bin;C:\Program Files\Git\usr\bin;C:\Program Files\Sublime Text 3;C:\Program Files\MongoDB\Server\3.2\bin;C:\Users\Alejandra\Desktop\nwjs;C:\Users\Alejandra\AppData\Local\atom;C:\Users\Alejandra\AppData\Roaming\nvm;C:\Program Files\nodejs;C:\Program Files (x86)\Arduino;C:\Program Files (x86)\Yarn\bin;C:\Program Files (x86)\Heroku\bin;C:\Program Files (x86)\git\cmd;C:\Program Files (x86)\Git\cmd;C:\Users\Alejandra\AppData\Local\Microsoft\WindowsApps;C:\Users\Alejandra\AppData\Roaming\npm;C:\Users\Alejandra\AppData\Local\atom\bin;C:\Users\Alejandra\AppData\Local\Yarn\.bin;C:\Program Files\Git\usr\bin;C:\Program Files\Git\usr\share\vim\vim74;C:\Users\Alejandra\Desktop\cmder\
10 verbose lifecycle ez-table-mailer@0.0.1~start: CWD: C:\Users\Alejandra\Documents\Omar\Ondecode\mailer
11 silly lifecycle ez-table-mailer@0.0.1~start: Args: [ '/d /s /c', 'node index.js' ]
12 silly lifecycle ez-table-mailer@0.0.1~start: Returned: code: 1  signal: null
13 info lifecycle ez-table-mailer@0.0.1~start: Failed to exec start script
14 verbose stack Error: ez-table-mailer@0.0.1 start: `node index.js`
14 verbose stack Exit status 1
14 verbose stack     at EventEmitter.<anonymous> (C:\Users\Alejandra\AppData\Roaming\nvm\v6.7.0\node_modules\npm\lib\utils\lifecycle.js:242:16)
14 verbose stack     at emitTwo (events.js:106:13)
14 verbose stack     at EventEmitter.emit (events.js:191:7)
14 verbose stack     at ChildProcess.<anonymous> (C:\Users\Alejandra\AppData\Roaming\nvm\v6.7.0\node_modules\npm\lib\utils\spawn.js:40:14)
14 verbose stack     at emitTwo (events.js:106:13)
14 verbose stack     at ChildProcess.emit (events.js:191:7)
14 verbose stack     at maybeClose (internal/child_process.js:877:16)
14 verbose stack     at Process.ChildProcess._handle.onexit (internal/child_process.js:226:5)
15 verbose pkgid ez-table-mailer@0.0.1
16 verbose cwd C:\Users\Alejandra\Documents\Omar\Ondecode\mailer
17 error Windows_NT 10.0.14393
18 error argv "C:\\Program Files\\nodejs\\node.exe" "C:\\Program Files\\nodejs\\node_modules\\npm\\bin\\npm-cli.js" "start"
19 error node v6.7.0
20 error npm  v3.10.3
21 error code ELIFECYCLE
22 error ez-table-mailer@0.0.1 start: `node index.js`
22 error Exit status 1
23 error Failed at the ez-table-mailer@0.0.1 start script 'node index.js'.
23 error Make sure you have the latest version of node.js and npm installed.
23 error If you do, this is most likely a problem with the ez-table-mailer package,
23 error not with npm itself.
23 error Tell the author that this fails on your system:
23 error     node index.js
23 error You can get information on how to open an issue for this project with:
23 error     npm bugs ez-table-mailer
23 error Or if that isn't available, you can get their info via:
23 error     npm owner ls ez-table-mailer
23 error There is likely additional logging output above.
24 verbose exit [ 1, true ]
